<?xml version="1.0" encoding="UTF-8"?>
<!-- Generated by org.testng.reporters.JUnitReportReporter -->
<testsuite hostname="H-ElFekey-Laptop" failures="0" tests="1" name="Tests.applitoolTests" time="13.159" errors="0" timestamp="2023-07-03T11:41:31 EET" skipped="0">
  <testcase classname="Tests.applitoolTests" name="logIntoBankAccount" time="13.159"/>
  <system-out/>
</testsuite> <!-- Tests.applitoolTests -->
